<?xml version="1.0" encoding="UTF-8"?>
<!-- Generated by org.testng.reporters.JUnitReportReporter -->
<testsuite hostname="dashree-PC" name="com.urlcat.tests.client.Test_Automation_02" tests="1" failures="0" timestamp="16 Aug 2018 12:31:05 GMT" time="6.406" errors="0">
  <testcase name="updatedCategoryReceived" time="6.406" classname="com.urlcat.tests.client.Test_Automation_02"/>
</testsuite>
