<?xml version="1.0" encoding="UTF-8"?>
<!-- Generated by org.testng.reporters.JUnitReportReporter -->
<testsuite hostname="dashree-PC" name="com.urlcat.tests.server.Test_Automation_01" tests="1" failures="0" timestamp="16 Aug 2018 12:32:57 GMT" time="1.022" errors="0">
  <testcase name="updateFromServer" time="1.022" classname="com.urlcat.tests.server.Test_Automation_01"/>
</testsuite>
