<?xml version="1.0" encoding="UTF-8"?>
<!-- Generated by org.testng.reporters.JUnitReportReporter -->
<testsuite hostname="dashree-PC" name="com.urlcat.tests.client.Test_Automation_01" tests="1" failures="0" timestamp="16 Aug 2018 12:27:38 GMT" time="7.979" errors="0">
  <testcase name="checkForDomain" time="7.979" classname="com.urlcat.tests.client.Test_Automation_01"/>
</testsuite>
