<?xml version="1.0" encoding="UTF-8"?>
<!-- Generated by org.testng.reporters.JUnitReportReporter -->
<testsuite hostname="dashree-PC" name="com.tests.client.TestAutomation_02" tests="1" failures="0" timestamp="14 Aug 2018 07:24:20 GMT" time="7.927" errors="0">
  <testcase name="updateCategoryRecived" time="7.927" classname="com.tests.client.TestAutomation_02"/>
</testsuite>
