<?xml version="1.0" encoding="UTF-8"?>
<!-- Generated by org.testng.reporters.JUnitReportReporter -->
<testsuite hostname="dashree-PC" name="com.tests.client.TestAutomation_01" tests="1" failures="0" timestamp="12 Aug 2018 13:59:24 GMT" time="2.359" errors="0">
  <testcase name="checkForDomain" time="2.359" classname="com.tests.client.TestAutomation_01"/>
</testsuite>
