<?xml version="1.0" encoding="UTF-8"?>
<!-- Generated by org.testng.reporters.JUnitReportReporter -->
<testsuite hostname="dashree-PC" name="com.tests.client.TestAutomation_01" tests="1" failures="0" timestamp="14 Aug 2018 05:37:31 GMT" time="6.181" errors="0">
  <testcase name="checkForDomain" time="6.181" classname="com.tests.client.TestAutomation_01"/>
</testsuite>
