<?xml version="1.0" encoding="UTF-8"?>
<!-- Generated by org.testng.reporters.JUnitReportReporter -->
<testsuite hostname="dashree-PC" name="com.Lib.Demo" tests="1" failures="0" timestamp="9 Aug 2018 16:09:18 GMT" time="0.730" errors="0">
  <testcase name="test" time="0.730" classname="com.Lib.Demo"/>
</testsuite>
