<?xml version="1.0" encoding="UTF-8"?>
<!-- Generated by org.testng.reporters.JUnitReportReporter -->
<testsuite hostname="dashree-PC" name="com.Lib.ScriptDeom" tests="1" failures="0" timestamp="10 Aug 2018 05:07:22 GMT" time="2.364" errors="0">
  <testcase name="test" time="2.364" classname="com.Lib.ScriptDeom"/>
</testsuite>
